<?xml version="1.0" encoding="UTF-8" standalone="no"?><testsuites><testsuite errors="0" failures="0" hostname="3b0d65ef_samsung_GT-I9505" name="com.example.apptest.test" tests="4" time="5.0480" timestamp="Wed Feb 04 15:13:34 HKT 2015"><properties>
[...]
</properties><testcase classname="com.example.apptest.test.UITestApp" name="testUIClick" time="2.1140"/><testcase classname="com.example.apptest.test.UITestApp" name="testUIEnter" time="2.9190"/><testcase classname="test.java.com.example.apptest.MainTest" name="testMethod" time="0.0010"/><testcase classname="test.java.com.example.apptest.MainTest" name="testMethod2" time="0.0000"/></testsuite></testsuites>